<?xml version="1.0" encoding="UTF-8"?>
<!-- Generated by org.testng.reporters.JUnitReportReporter -->
<testsuite hostname="DESKTOP-O6BLQB2" failures="0" tests="1" name="test_case.Tc002_loginTest" time="4.166" errors="0" timestamp="2025-08-18T13:31:59 IST" skipped="0">
  <testcase classname="test_case.Tc002_loginTest" name="login_varification" time="4.166"/>
</testsuite> <!-- test_case.Tc002_loginTest -->
