<?xml version="1.0" encoding="UTF-8"?>
<!-- Generated by org.testng.reporters.JUnitReportReporter -->
<testsuite hostname="DESKTOP-O6BLQB2" failures="0" tests="1" name="test_case.TC_01_Ragistartion_test" time="4.235" errors="0" timestamp="2025-08-20T12:23:53 IST" skipped="0">
  <testcase classname="test_case.TC_01_Ragistartion_test" name="verified_accontragistration" time="4.235"/>
</testsuite> <!-- test_case.TC_01_Ragistartion_test -->
