<?xml version="1.0" encoding="UTF-8"?>
<!-- Generated by org.testng.reporters.JUnitReportReporter -->
<testsuite hostname="DESKTOP-O6BLQB2" failures="0" tests="1" name="test_case.Tc002_loginTest" time="2.900" errors="0" timestamp="2025-08-22T13:35:02 IST" skipped="0">
  <testcase classname="test_case.Tc002_loginTest" name="login_varification" time="2.900"/>
</testsuite> <!-- test_case.Tc002_loginTest -->
